# JRE version: OpenJDK Runtime Environment Temurin-21.0.4+7 (21.0.4+7) (build 21.0.4+7-LTS)
# Java VM: OpenJDK 64-Bit Server VM Temurin-21.0.4+7 (21.0.4+7-LTS, mixed mode, emulated-client, tiered, compressed oops, compressed class ptrs, g1 gc, windows-amd64)
GC Precious Log:
 CardTable entry size: 512
 Card Set container configuration: InlinePtr #cards 5 size 8 Array Of Cards #cards 12 size 40 Howl #buckets 4 coarsen threshold 1843 Howl Bitmap #cards 512 size 80 coarsen threshold 460 Card regions per heap region 1 cards per card region 2048
 CPUs: 8 total, 8 available
 Memory: 24270M
 Large Page Support: Disabled
 NUMA Support: Disabled
 Compressed Oops: Enabled (32-bit)
 Heap Region Size: 1M
 Heap Min Capacity: 8M
 Heap Initial Capacity: 380M
 Heap Max Capacity: 1G
 Pre-touch: Disabled
 Parallel Workers: 8
 Concurrent Workers: 2
 Concurrent Refinement Workers: 8
 Periodic GC: Disabled
Heap:
 garbage-first heap   total 150528K, used 45076K [0x00000000c0000000, 0x0000000100000000)
  region size 1024K, 1 young (1024K), 0 survivors (0K)
 Metaspace       used 67060K, committed 68416K, reserved 1114112K
  class space    used 7980K, committed 8448K, reserved 1048576K
GC Heap History (20 events):
Event: 37457.041 GC heap after
{Heap after GC invocations=3324 (full 3309):
 garbage-first heap   total 150528K, used 45076K [0x00000000c0000000, 0x0000000100000000)
  region size 1024K, 0 young (0K), 0 survivors (0K)
 Metaspace       used 67060K, committed 68416K, reserved 1114112K
  class space    used 7980K, committed 8448K, reserved 1048576K
}
Event: 37467.666 GC heap before
{Heap before GC invocations=3324 (full 3309):
 garbage-first heap   total 150528K, used 45076K [0x00000000c0000000, 0x0000000100000000)
  region size 1024K, 1 young (1024K), 0 survivors (0K)
 Metaspace       used 67060K, committed 68416K, reserved 1114112K
  class space    used 7980K, committed 8448K, reserved 1048576K
}
Event: 37467.684 GC heap after
{Heap after GC invocations=3325 (full 3310):
 garbage-first heap   total 150528K, used 45076K [0x00000000c0000000, 0x0000000100000000)
  region size 1024K, 0 young (0K), 0 survivors (0K)
 Metaspace       used 67060K, committed 68416K, reserved 1114112K
  class space    used 7980K, committed 8448K, reserved 1048576K
}
Event: 37478.392 GC heap before
{Heap before GC invocations=3325 (full 3310):
 garbage-first heap   total 150528K, used 45076K [0x00000000c0000000, 0x0000000100000000)
  region size 1024K, 1 young (1024K), 0 survivors (0K)
 Metaspace       used 67060K, committed 68416K, reserved 1114112K
  class space    used 7980K, committed 8448K, reserved 1048576K
}
Event: 37478.411 GC heap after
{Heap after GC invocations=3326 (full 3311):
 garbage-first heap   total 150528K, used 45076K [0x00000000c0000000, 0x0000000100000000)
  region size 1024K, 0 young (0K), 0 survivors (0K)
 Metaspace       used 67060K, committed 68416K, reserved 1114112K
  class space    used 7980K, committed 8448K, reserved 1048576K
}
Event: 37489.076 GC heap before
{Heap before GC invocations=3326 (full 3311):
 garbage-first heap   total 150528K, used 45076K [0x00000000c0000000, 0x0000000100000000)
  region size 1024K, 1 young (1024K), 0 survivors (0K)
 Metaspace       used 67060K, committed 68416K, reserved 1114112K
  class space    used 7980K, committed 8448K, reserved 1048576K
}
Event: 37489.093 GC heap after
{Heap after GC invocations=3327 (full 3312):
 garbage-first heap   total 150528K, used 45076K [0x00000000c0000000, 0x0000000100000000)
  region size 1024K, 0 young (0K), 0 survivors (0K)
 Metaspace       used 67060K, committed 68416K, reserved 1114112K
  class space    used 7980K, committed 8448K, reserved 1048576K
}
Event: 37499.720 GC heap before
{Heap before GC invocations=3327 (full 3312):
 garbage-first heap   total 150528K, used 45076K [0x00000000c0000000, 0x0000000100000000)
  region size 1024K, 1 young (1024K), 0 survivors (0K)
 Metaspace       used 67060K, committed 68416K, reserved 1114112K
  class space    used 7980K, committed 8448K, reserved 1048576K
}
Event: 37499.739 GC heap after
{Heap after GC invocations=3328 (full 3313):
 garbage-first heap   total 150528K, used 45076K [0x00000000c0000000, 0x0000000100000000)
  region size 1024K, 0 young (0K), 0 survivors (0K)
 Metaspace       used 67060K, committed 68416K, reserved 1114112K
  class space    used 7980K, committed 8448K, reserved 1048576K
}
Event: 37510.371 GC heap before
{Heap before GC invocations=3328 (full 3313):
 garbage-first heap   total 150528K, used 45076K [0x00000000c0000000, 0x0000000100000000)
  region size 1024K, 1 young (1024K), 0 survivors (0K)
 Metaspace       used 67060K, committed 68416K, reserved 1114112K
  class space    used 7980K, committed 8448K, reserved 1048576K
}
Event: 37510.389 GC heap after
{Heap after GC invocations=3329 (full 3314):
 garbage-first heap   total 150528K, used 45076K [0x00000000c0000000, 0x0000000100000000)
  region size 1024K, 0 young (0K), 0 survivors (0K)
 Metaspace       used 67060K, committed 68416K, reserved 1114112K
  class space    used 7980K, committed 8448K, reserved 1048576K
}
Event: 37521.045 GC heap before
{Heap before GC invocations=3329 (full 3314):
 garbage-first heap   total 150528K, used 45076K [0x00000000c0000000, 0x0000000100000000)
  region size 1024K, 1 young (1024K), 0 survivors (0K)
 Metaspace       used 67060K, committed 68416K, reserved 1114112K
  class space    used 7980K, committed 8448K, reserved 1048576K
}
Event: 37521.062 GC heap after
{Heap after GC invocations=3330 (full 3315):
 garbage-first heap   total 150528K, used 45076K [0x00000000c0000000, 0x0000000100000000)
  region size 1024K, 0 young (0K), 0 survivors (0K)
 Metaspace       used 67060K, committed 68416K, reserved 1114112K
  class space    used 7980K, committed 8448K, reserved 1048576K
}
Event: 37531.698 GC heap before
{Heap before GC invocations=3330 (full 3315):
 garbage-first heap   total 150528K, used 45076K [0x00000000c0000000, 0x0000000100000000)
  region size 1024K, 1 young (1024K), 0 survivors (0K)
 Metaspace       used 67060K, committed 68416K, reserved 1114112K
  class space    used 7980K, committed 8448K, reserved 1048576K
}
Event: 37531.718 GC heap after
{Heap after GC invocations=3331 (full 3316):
 garbage-first heap   total 150528K, used 45076K [0x00000000c0000000, 0x0000000100000000)
  region size 1024K, 0 young (0K), 0 survivors (0K)
 Metaspace       used 67060K, committed 68416K, reserved 1114112K
  class space    used 7980K, committed 8448K, reserved 1048576K
}
Event: 37542.444 GC heap before
{Heap before GC invocations=3331 (full 3316):
 garbage-first heap   total 150528K, used 45076K [0x00000000c0000000, 0x0000000100000000)
  region size 1024K, 1 young (1024K), 0 survivors (0K)
 Metaspace       used 67060K, committed 68416K, reserved 1114112K
  class space    used 7980K, committed 8448K, reserved 1048576K
}
Event: 37542.464 GC heap after
{Heap after GC invocations=3332 (full 3317):
 garbage-first heap   total 150528K, used 45076K [0x00000000c0000000, 0x0000000100000000)
  region size 1024K, 0 young (0K), 0 survivors (0K)
 Metaspace       used 67060K, committed 68416K, reserved 1114112K
  class space    used 7980K, committed 8448K, reserved 1048576K
}
Event: 37553.167 GC heap before
{Heap before GC invocations=3332 (full 3317):
 garbage-first heap   total 150528K, used 45076K [0x00000000c0000000, 0x0000000100000000)
  region size 1024K, 1 young (1024K), 0 survivors (0K)
 Metaspace       used 67060K, committed 68416K, reserved 1114112K
  class space    used 7980K, committed 8448K, reserved 1048576K
}
Event: 37553.188 GC heap after
{Heap after GC invocations=3333 (full 3318):
 garbage-first heap   total 150528K, used 45076K [0x00000000c0000000, 0x0000000100000000)
  region size 1024K, 0 young (0K), 0 survivors (0K)
 Metaspace       used 67060K, committed 68416K, reserved 1114112K
  class space    used 7980K, committed 8448K, reserved 1048576K
}
Event: 37563.564 GC heap before
{Heap before GC invocations=3333 (full 3318):
 garbage-first heap   total 150528K, used 45076K [0x00000000c0000000, 0x0000000100000000)
  region size 1024K, 1 young (1024K), 0 survivors (0K)
 Metaspace       used 67060K, committed 68416K, reserved 1114112K
  class space    used 7980K, committed 8448K, reserved 1048576K
}

